Service Shortener started...
/Users/siddharthravichandran/node_apps/idyllic/url_shortner/views
Server started on port 8007
-------- Payload received ----
{ data: 
   { type: 'shortenUrlRequestEvent',
     data: { longUrl: 'http://www.google.com', userId: 1 } },
  datetime: 'Thu, 11 Jun 2015 08:36:40 GMT',
  type: 'shortenUrlRequestEvent',
  cid: 'b254e160-8e78-47e4-8542-ba3ef403718e' }
-------- Payload sent ----
Pauload received in view generator
http://go.gl/123
Event: [object Object] Payload: [object Object]
Event: [object Object] Payload: [object Object]
Message sentThu Jun 11 2015 14:06:42 GMT+0530 (IST)
Message sentThu Jun 11 2015 14:06:44 GMT+0530 (IST)
Message sentThu Jun 11 2015 14:06:46 GMT+0530 (IST)
Message sentThu Jun 11 2015 14:06:48 GMT+0530 (IST)
Message sentThu Jun 11 2015 14:06:50 GMT+0530 (IST)
Message sentThu Jun 11 2015 14:06:52 GMT+0530 (IST)
Message sentThu Jun 11 2015 14:06:54 GMT+0530 (IST)
Message sentThu Jun 11 2015 14:06:56 GMT+0530 (IST)
Message sentThu Jun 11 2015 14:06:58 GMT+0530 (IST)
Message sentThu Jun 11 2015 14:07:00 GMT+0530 (IST)
Message sentThu Jun 11 2015 14:07:02 GMT+0530 (IST)
Message sentThu Jun 11 2015 14:07:04 GMT+0530 (IST)
Message sentThu Jun 11 2015 14:07:06 GMT+0530 (IST)
Message sentThu Jun 11 2015 14:07:08 GMT+0530 (IST)
Message sentThu Jun 11 2015 14:07:10 GMT+0530 (IST)
Message sentThu Jun 11 2015 14:07:12 GMT+0530 (IST)
Message sentThu Jun 11 2015 14:07:14 GMT+0530 (IST)
Message sentThu Jun 11 2015 14:07:16 GMT+0530 (IST)
Message sentThu Jun 11 2015 14:07:18 GMT+0530 (IST)
Message sentThu Jun 11 2015 14:07:20 GMT+0530 (IST)
Message sentThu Jun 11 2015 14:07:22 GMT+0530 (IST)
Message sentThu Jun 11 2015 14:07:24 GMT+0530 (IST)
Message sentThu Jun 11 2015 14:07:26 GMT+0530 (IST)
Message sentThu Jun 11 2015 14:07:28 GMT+0530 (IST)
Message sentThu Jun 11 2015 14:07:30 GMT+0530 (IST)
Message sentThu Jun 11 2015 14:07:32 GMT+0530 (IST)
Message sentThu Jun 11 2015 14:07:34 GMT+0530 (IST)
Message sentThu Jun 11 2015 14:07:36 GMT+0530 (IST)
Message sentThu Jun 11 2015 14:07:38 GMT+0530 (IST)
Message sentThu Jun 11 2015 14:07:40 GMT+0530 (IST)
Message sentThu Jun 11 2015 14:07:42 GMT+0530 (IST)
Message sentThu Jun 11 2015 14:07:44 GMT+0530 (IST)
Message sentThu Jun 11 2015 14:07:46 GMT+0530 (IST)
Message sentThu Jun 11 2015 14:07:48 GMT+0530 (IST)
Message sentThu Jun 11 2015 14:07:50 GMT+0530 (IST)
Message sentThu Jun 11 2015 14:07:52 GMT+0530 (IST)
Message sentThu Jun 11 2015 14:07:54 GMT+0530 (IST)
Message sentThu Jun 11 2015 14:07:56 GMT+0530 (IST)
Message sentThu Jun 11 2015 14:07:58 GMT+0530 (IST)
Message sentThu Jun 11 2015 14:08:00 GMT+0530 (IST)
Message sentThu Jun 11 2015 14:08:02 GMT+0530 (IST)
Message sentThu Jun 11 2015 14:08:04 GMT+0530 (IST)
Message sentThu Jun 11 2015 14:08:06 GMT+0530 (IST)
Message sentThu Jun 11 2015 14:08:08 GMT+0530 (IST)
Message sentThu Jun 11 2015 14:08:10 GMT+0530 (IST)
Message sentThu Jun 11 2015 14:08:12 GMT+0530 (IST)
Message sentThu Jun 11 2015 14:08:14 GMT+0530 (IST)
Message sentThu Jun 11 2015 14:08:16 GMT+0530 (IST)
Message sentThu Jun 11 2015 14:08:18 GMT+0530 (IST)
Message sentThu Jun 11 2015 14:08:20 GMT+0530 (IST)
Message sentThu Jun 11 2015 14:08:22 GMT+0530 (IST)
Message sentThu Jun 11 2015 14:08:24 GMT+0530 (IST)
Message sentThu Jun 11 2015 14:08:26 GMT+0530 (IST)
Message sentThu Jun 11 2015 14:08:28 GMT+0530 (IST)
Message sentThu Jun 11 2015 14:08:30 GMT+0530 (IST)
Message sentThu Jun 11 2015 14:08:32 GMT+0530 (IST)
Message sentThu Jun 11 2015 14:08:35 GMT+0530 (IST)
Message sentThu Jun 11 2015 14:08:37 GMT+0530 (IST)
Message sentThu Jun 11 2015 14:08:39 GMT+0530 (IST)
Message sentThu Jun 11 2015 14:08:41 GMT+0530 (IST)
Message sentThu Jun 11 2015 14:08:43 GMT+0530 (IST)
Message sentThu Jun 11 2015 14:08:45 GMT+0530 (IST)
Message sentThu Jun 11 2015 14:08:47 GMT+0530 (IST)
Message sentThu Jun 11 2015 14:08:49 GMT+0530 (IST)
Message sentThu Jun 11 2015 14:08:51 GMT+0530 (IST)
Message sentThu Jun 11 2015 14:08:53 GMT+0530 (IST)
Message sentThu Jun 11 2015 14:08:55 GMT+0530 (IST)
Message sentThu Jun 11 2015 14:08:57 GMT+0530 (IST)
Message sentThu Jun 11 2015 14:08:59 GMT+0530 (IST)
Message sentThu Jun 11 2015 14:09:01 GMT+0530 (IST)
Message sentThu Jun 11 2015 14:09:03 GMT+0530 (IST)
Message sentThu Jun 11 2015 14:09:05 GMT+0530 (IST)
Message sentThu Jun 11 2015 14:09:07 GMT+0530 (IST)
Message sentThu Jun 11 2015 14:09:09 GMT+0530 (IST)
Message sentThu Jun 11 2015 14:09:11 GMT+0530 (IST)
Message sentThu Jun 11 2015 14:09:13 GMT+0530 (IST)
Message sentThu Jun 11 2015 14:09:15 GMT+0530 (IST)
Message sentThu Jun 11 2015 14:09:17 GMT+0530 (IST)
Message sentThu Jun 11 2015 14:09:19 GMT+0530 (IST)
Message sentThu Jun 11 2015 14:09:21 GMT+0530 (IST)
Message sentThu Jun 11 2015 14:09:23 GMT+0530 (IST)
Message sentThu Jun 11 2015 14:09:25 GMT+0530 (IST)
Message sentThu Jun 11 2015 14:09:27 GMT+0530 (IST)
Message sentThu Jun 11 2015 14:09:29 GMT+0530 (IST)
Message sentThu Jun 11 2015 14:09:31 GMT+0530 (IST)
Message sentThu Jun 11 2015 14:09:33 GMT+0530 (IST)
Message sentThu Jun 11 2015 14:09:35 GMT+0530 (IST)
Message sentThu Jun 11 2015 14:09:37 GMT+0530 (IST)
Message sentThu Jun 11 2015 14:09:39 GMT+0530 (IST)
Message sentThu Jun 11 2015 14:09:41 GMT+0530 (IST)
Message sentThu Jun 11 2015 14:09:43 GMT+0530 (IST)
Message sentThu Jun 11 2015 14:09:45 GMT+0530 (IST)
Message sentThu Jun 11 2015 14:09:47 GMT+0530 (IST)
Message sentThu Jun 11 2015 14:09:49 GMT+0530 (IST)
Message sentThu Jun 11 2015 14:09:51 GMT+0530 (IST)
Message sentThu Jun 11 2015 14:09:53 GMT+0530 (IST)
Message sentThu Jun 11 2015 14:09:55 GMT+0530 (IST)
Message sentThu Jun 11 2015 14:09:57 GMT+0530 (IST)
Message sentThu Jun 11 2015 14:09:59 GMT+0530 (IST)
Message sentThu Jun 11 2015 14:10:01 GMT+0530 (IST)
Message sentThu Jun 11 2015 14:10:03 GMT+0530 (IST)
Message sentThu Jun 11 2015 14:10:05 GMT+0530 (IST)
Message sentThu Jun 11 2015 14:10:07 GMT+0530 (IST)
Message sentThu Jun 11 2015 14:10:09 GMT+0530 (IST)
Message sentThu Jun 11 2015 14:10:11 GMT+0530 (IST)
Message sentThu Jun 11 2015 14:10:13 GMT+0530 (IST)
Message sentThu Jun 11 2015 14:10:15 GMT+0530 (IST)
Message sentThu Jun 11 2015 14:10:17 GMT+0530 (IST)
Message sentThu Jun 11 2015 14:10:19 GMT+0530 (IST)
Message sentThu Jun 11 2015 14:10:21 GMT+0530 (IST)
Message sentThu Jun 11 2015 14:10:23 GMT+0530 (IST)
Message sentThu Jun 11 2015 14:10:25 GMT+0530 (IST)
Message sentThu Jun 11 2015 14:10:27 GMT+0530 (IST)
Message sentThu Jun 11 2015 14:10:29 GMT+0530 (IST)
Message sentThu Jun 11 2015 14:10:31 GMT+0530 (IST)
Message sentThu Jun 11 2015 14:10:33 GMT+0530 (IST)
Message sentThu Jun 11 2015 14:10:35 GMT+0530 (IST)
Message sentThu Jun 11 2015 14:10:37 GMT+0530 (IST)
Message sentThu Jun 11 2015 14:10:39 GMT+0530 (IST)
Message sentThu Jun 11 2015 14:10:41 GMT+0530 (IST)
Message sentThu Jun 11 2015 14:10:43 GMT+0530 (IST)
Message sentThu Jun 11 2015 14:10:45 GMT+0530 (IST)
Message sentThu Jun 11 2015 14:10:47 GMT+0530 (IST)
Message sentThu Jun 11 2015 14:10:49 GMT+0530 (IST)
Message sentThu Jun 11 2015 14:10:51 GMT+0530 (IST)
Message sentThu Jun 11 2015 14:10:53 GMT+0530 (IST)
Message sentThu Jun 11 2015 14:10:55 GMT+0530 (IST)
Message sentThu Jun 11 2015 14:10:57 GMT+0530 (IST)
Message sentThu Jun 11 2015 14:10:59 GMT+0530 (IST)
Message sentThu Jun 11 2015 14:11:01 GMT+0530 (IST)
Message sentThu Jun 11 2015 14:11:03 GMT+0530 (IST)
Message sentThu Jun 11 2015 14:11:05 GMT+0530 (IST)
Message sentThu Jun 11 2015 14:11:07 GMT+0530 (IST)
Message sentThu Jun 11 2015 14:11:09 GMT+0530 (IST)
Message sentThu Jun 11 2015 14:11:11 GMT+0530 (IST)
Message sentThu Jun 11 2015 14:11:13 GMT+0530 (IST)
Message sentThu Jun 11 2015 14:11:15 GMT+0530 (IST)
Message sentThu Jun 11 2015 14:11:17 GMT+0530 (IST)
Message sentThu Jun 11 2015 14:11:19 GMT+0530 (IST)
Message sentThu Jun 11 2015 14:11:21 GMT+0530 (IST)
Message sentThu Jun 11 2015 14:11:23 GMT+0530 (IST)
Message sentThu Jun 11 2015 14:11:25 GMT+0530 (IST)
Message sentThu Jun 11 2015 14:11:27 GMT+0530 (IST)
Message sentThu Jun 11 2015 14:11:29 GMT+0530 (IST)
Message sentThu Jun 11 2015 14:11:31 GMT+0530 (IST)
Message sentThu Jun 11 2015 14:11:33 GMT+0530 (IST)
Message sentThu Jun 11 2015 14:11:35 GMT+0530 (IST)
Message sentThu Jun 11 2015 14:11:37 GMT+0530 (IST)
Message sentThu Jun 11 2015 14:11:39 GMT+0530 (IST)
Message sentThu Jun 11 2015 14:11:41 GMT+0530 (IST)
Message sentThu Jun 11 2015 14:11:43 GMT+0530 (IST)
Message sentThu Jun 11 2015 14:11:45 GMT+0530 (IST)
Message sentThu Jun 11 2015 14:11:47 GMT+0530 (IST)
Message sentThu Jun 11 2015 14:11:49 GMT+0530 (IST)
Message sentThu Jun 11 2015 14:11:51 GMT+0530 (IST)
Message sentThu Jun 11 2015 14:11:53 GMT+0530 (IST)
Message sentThu Jun 11 2015 14:11:55 GMT+0530 (IST)
Message sentThu Jun 11 2015 14:11:57 GMT+0530 (IST)
Message sentThu Jun 11 2015 14:11:59 GMT+0530 (IST)
Message sentThu Jun 11 2015 14:12:01 GMT+0530 (IST)
Message sentThu Jun 11 2015 14:12:03 GMT+0530 (IST)
Message sentThu Jun 11 2015 14:12:05 GMT+0530 (IST)
Message sentThu Jun 11 2015 14:12:07 GMT+0530 (IST)
Message sentThu Jun 11 2015 14:12:09 GMT+0530 (IST)
Message sentThu Jun 11 2015 14:12:11 GMT+0530 (IST)
Message sentThu Jun 11 2015 14:12:13 GMT+0530 (IST)
Message sentThu Jun 11 2015 14:12:15 GMT+0530 (IST)
Message sentThu Jun 11 2015 14:12:17 GMT+0530 (IST)
Message sentThu Jun 11 2015 14:12:19 GMT+0530 (IST)
Message sentThu Jun 11 2015 14:12:21 GMT+0530 (IST)
Message sentThu Jun 11 2015 14:12:23 GMT+0530 (IST)
Message sentThu Jun 11 2015 14:12:25 GMT+0530 (IST)
Message sentThu Jun 11 2015 14:12:27 GMT+0530 (IST)
Message sentThu Jun 11 2015 14:12:29 GMT+0530 (IST)
Message sentThu Jun 11 2015 14:12:31 GMT+0530 (IST)
Message sentThu Jun 11 2015 14:12:33 GMT+0530 (IST)
Message sentThu Jun 11 2015 14:12:35 GMT+0530 (IST)
Message sentThu Jun 11 2015 14:12:37 GMT+0530 (IST)
Message sentThu Jun 11 2015 14:12:39 GMT+0530 (IST)
Message sentThu Jun 11 2015 14:12:41 GMT+0530 (IST)
Message sentThu Jun 11 2015 14:12:43 GMT+0530 (IST)
Message sentThu Jun 11 2015 14:12:45 GMT+0530 (IST)
Message sentThu Jun 11 2015 14:12:47 GMT+0530 (IST)
Message sentThu Jun 11 2015 14:12:49 GMT+0530 (IST)
Message sentThu Jun 11 2015 14:12:51 GMT+0530 (IST)
Message sentThu Jun 11 2015 14:12:53 GMT+0530 (IST)
Message sentThu Jun 11 2015 14:12:55 GMT+0530 (IST)
Message sentThu Jun 11 2015 14:12:57 GMT+0530 (IST)
Message sentThu Jun 11 2015 14:12:59 GMT+0530 (IST)
Message sentThu Jun 11 2015 14:13:01 GMT+0530 (IST)
Message sentThu Jun 11 2015 14:13:03 GMT+0530 (IST)
Message sentThu Jun 11 2015 14:13:05 GMT+0530 (IST)
Message sentThu Jun 11 2015 14:13:07 GMT+0530 (IST)
Message sentThu Jun 11 2015 14:13:09 GMT+0530 (IST)
Message sentThu Jun 11 2015 14:13:11 GMT+0530 (IST)
Message sentThu Jun 11 2015 14:13:13 GMT+0530 (IST)
Message sentThu Jun 11 2015 14:13:15 GMT+0530 (IST)
Message sentThu Jun 11 2015 14:13:17 GMT+0530 (IST)
Message sentThu Jun 11 2015 14:13:19 GMT+0530 (IST)
Message sentThu Jun 11 2015 14:13:21 GMT+0530 (IST)
Message sentThu Jun 11 2015 14:13:23 GMT+0530 (IST)
Message sentThu Jun 11 2015 14:13:25 GMT+0530 (IST)
Message sentThu Jun 11 2015 14:13:27 GMT+0530 (IST)
Message sentThu Jun 11 2015 14:13:29 GMT+0530 (IST)
Message sentThu Jun 11 2015 14:13:31 GMT+0530 (IST)
Message sentThu Jun 11 2015 14:13:33 GMT+0530 (IST)
Message sentThu Jun 11 2015 14:13:35 GMT+0530 (IST)
Message sentThu Jun 11 2015 14:13:37 GMT+0530 (IST)
Message sentThu Jun 11 2015 14:13:39 GMT+0530 (IST)
Message sentThu Jun 11 2015 14:13:41 GMT+0530 (IST)
Message sentThu Jun 11 2015 14:13:43 GMT+0530 (IST)
Message sentThu Jun 11 2015 14:13:45 GMT+0530 (IST)
Message sentThu Jun 11 2015 14:13:47 GMT+0530 (IST)
Message sentThu Jun 11 2015 14:13:49 GMT+0530 (IST)
Message sentThu Jun 11 2015 14:13:51 GMT+0530 (IST)
Message sentThu Jun 11 2015 14:13:53 GMT+0530 (IST)
Message sentThu Jun 11 2015 14:13:55 GMT+0530 (IST)
Message sentThu Jun 11 2015 14:13:57 GMT+0530 (IST)
Message sentThu Jun 11 2015 14:13:59 GMT+0530 (IST)
Message sentThu Jun 11 2015 14:14:01 GMT+0530 (IST)
Message sentThu Jun 11 2015 14:14:03 GMT+0530 (IST)
Message sentThu Jun 11 2015 14:14:05 GMT+0530 (IST)
Message sentThu Jun 11 2015 14:14:07 GMT+0530 (IST)
Message sentThu Jun 11 2015 14:14:09 GMT+0530 (IST)
Message sentThu Jun 11 2015 14:14:11 GMT+0530 (IST)
Message sentThu Jun 11 2015 14:14:13 GMT+0530 (IST)
Message sentThu Jun 11 2015 14:14:15 GMT+0530 (IST)
Message sentThu Jun 11 2015 14:14:17 GMT+0530 (IST)
Message sentThu Jun 11 2015 14:14:19 GMT+0530 (IST)
Message sentThu Jun 11 2015 14:14:21 GMT+0530 (IST)
Message sentThu Jun 11 2015 14:14:23 GMT+0530 (IST)
Message sentThu Jun 11 2015 14:14:25 GMT+0530 (IST)
Message sentThu Jun 11 2015 14:14:27 GMT+0530 (IST)
Message sentThu Jun 11 2015 14:14:29 GMT+0530 (IST)
Message sentThu Jun 11 2015 14:14:31 GMT+0530 (IST)
Message sentThu Jun 11 2015 14:14:33 GMT+0530 (IST)
Message sentThu Jun 11 2015 14:14:35 GMT+0530 (IST)
Message sentThu Jun 11 2015 14:14:37 GMT+0530 (IST)
Message sentThu Jun 11 2015 14:14:39 GMT+0530 (IST)
Message sentThu Jun 11 2015 14:14:41 GMT+0530 (IST)
Message sentThu Jun 11 2015 14:14:43 GMT+0530 (IST)
Message sentThu Jun 11 2015 14:14:45 GMT+0530 (IST)
Message sentThu Jun 11 2015 14:14:47 GMT+0530 (IST)
Message sentThu Jun 11 2015 14:14:49 GMT+0530 (IST)
Message sentThu Jun 11 2015 14:14:51 GMT+0530 (IST)
Message sentThu Jun 11 2015 14:14:53 GMT+0530 (IST)
Message sentThu Jun 11 2015 14:14:55 GMT+0530 (IST)
Message sentThu Jun 11 2015 14:14:57 GMT+0530 (IST)
Message sentThu Jun 11 2015 14:14:59 GMT+0530 (IST)
Message sentThu Jun 11 2015 14:15:01 GMT+0530 (IST)
Message sentThu Jun 11 2015 14:15:03 GMT+0530 (IST)
Message sentThu Jun 11 2015 14:15:05 GMT+0530 (IST)
Message sentThu Jun 11 2015 14:15:07 GMT+0530 (IST)
Message sentThu Jun 11 2015 14:15:09 GMT+0530 (IST)
Message sentThu Jun 11 2015 14:15:11 GMT+0530 (IST)
Message sentThu Jun 11 2015 14:15:13 GMT+0530 (IST)
Message sentThu Jun 11 2015 14:15:15 GMT+0530 (IST)
Message sentThu Jun 11 2015 14:15:17 GMT+0530 (IST)
Message sentThu Jun 11 2015 14:15:19 GMT+0530 (IST)
Message sentThu Jun 11 2015 14:15:21 GMT+0530 (IST)
Message sentThu Jun 11 2015 14:15:23 GMT+0530 (IST)
Message sentThu Jun 11 2015 14:15:25 GMT+0530 (IST)
Message sentThu Jun 11 2015 14:15:27 GMT+0530 (IST)
Message sentThu Jun 11 2015 14:15:29 GMT+0530 (IST)
Message sentThu Jun 11 2015 14:15:31 GMT+0530 (IST)
Message sentThu Jun 11 2015 14:15:33 GMT+0530 (IST)
Message sentThu Jun 11 2015 14:15:35 GMT+0530 (IST)
Message sentThu Jun 11 2015 14:15:37 GMT+0530 (IST)
Message sentThu Jun 11 2015 14:15:39 GMT+0530 (IST)
Message sentThu Jun 11 2015 14:15:41 GMT+0530 (IST)
Message sentThu Jun 11 2015 14:15:43 GMT+0530 (IST)
Message sentThu Jun 11 2015 14:15:45 GMT+0530 (IST)
Message sentThu Jun 11 2015 14:15:47 GMT+0530 (IST)
Message sentThu Jun 11 2015 14:15:49 GMT+0530 (IST)
Message sentThu Jun 11 2015 14:15:51 GMT+0530 (IST)
Message sentThu Jun 11 2015 14:15:53 GMT+0530 (IST)
Message sentThu Jun 11 2015 14:15:55 GMT+0530 (IST)
Message sentThu Jun 11 2015 14:15:57 GMT+0530 (IST)
Message sentThu Jun 11 2015 14:15:59 GMT+0530 (IST)
Message sentThu Jun 11 2015 14:16:01 GMT+0530 (IST)
Message sentThu Jun 11 2015 14:16:03 GMT+0530 (IST)
Message sentThu Jun 11 2015 14:16:05 GMT+0530 (IST)
Message sentThu Jun 11 2015 14:16:07 GMT+0530 (IST)
Message sentThu Jun 11 2015 14:16:09 GMT+0530 (IST)
Message sentThu Jun 11 2015 14:16:11 GMT+0530 (IST)
Message sentThu Jun 11 2015 14:16:13 GMT+0530 (IST)
Message sentThu Jun 11 2015 14:16:15 GMT+0530 (IST)
Message sentThu Jun 11 2015 14:16:17 GMT+0530 (IST)
Message sentThu Jun 11 2015 14:16:19 GMT+0530 (IST)
Message sentThu Jun 11 2015 14:16:21 GMT+0530 (IST)
Message sentThu Jun 11 2015 14:16:23 GMT+0530 (IST)
Message sentThu Jun 11 2015 14:16:25 GMT+0530 (IST)
Message sentThu Jun 11 2015 14:16:27 GMT+0530 (IST)
Message sentThu Jun 11 2015 14:16:29 GMT+0530 (IST)
Message sentThu Jun 11 2015 14:16:31 GMT+0530 (IST)
Message sentThu Jun 11 2015 14:16:33 GMT+0530 (IST)
Message sentThu Jun 11 2015 14:16:35 GMT+0530 (IST)
Message sentThu Jun 11 2015 14:16:37 GMT+0530 (IST)
Message sentThu Jun 11 2015 14:16:39 GMT+0530 (IST)
Message sentThu Jun 11 2015 14:16:41 GMT+0530 (IST)
Message sentThu Jun 11 2015 14:16:43 GMT+0530 (IST)
Message sentThu Jun 11 2015 14:16:45 GMT+0530 (IST)
Message sentThu Jun 11 2015 14:16:47 GMT+0530 (IST)
Message sentThu Jun 11 2015 14:16:49 GMT+0530 (IST)
Message sentThu Jun 11 2015 14:16:51 GMT+0530 (IST)
Message sentThu Jun 11 2015 14:16:53 GMT+0530 (IST)
Message sentThu Jun 11 2015 14:16:55 GMT+0530 (IST)
Message sentThu Jun 11 2015 14:16:57 GMT+0530 (IST)
Message sentThu Jun 11 2015 14:16:59 GMT+0530 (IST)
Message sentThu Jun 11 2015 14:17:02 GMT+0530 (IST)
Message sentThu Jun 11 2015 14:17:04 GMT+0530 (IST)
Message sentThu Jun 11 2015 14:17:06 GMT+0530 (IST)
Message sentThu Jun 11 2015 14:17:08 GMT+0530 (IST)
Message sentThu Jun 11 2015 14:17:10 GMT+0530 (IST)
Message sentThu Jun 11 2015 14:17:12 GMT+0530 (IST)
Message sentThu Jun 11 2015 14:17:14 GMT+0530 (IST)
Message sentThu Jun 11 2015 14:17:16 GMT+0530 (IST)
Message sentThu Jun 11 2015 14:17:18 GMT+0530 (IST)
Message sentThu Jun 11 2015 14:17:20 GMT+0530 (IST)
Message sentThu Jun 11 2015 14:17:22 GMT+0530 (IST)
Message sentThu Jun 11 2015 14:17:24 GMT+0530 (IST)
Message sentThu Jun 11 2015 14:17:26 GMT+0530 (IST)
Message sentThu Jun 11 2015 14:17:28 GMT+0530 (IST)
Message sentThu Jun 11 2015 14:17:30 GMT+0530 (IST)
Message sentThu Jun 11 2015 14:17:32 GMT+0530 (IST)
Message sentThu Jun 11 2015 14:17:34 GMT+0530 (IST)
Message sentThu Jun 11 2015 14:17:36 GMT+0530 (IST)
Message sentThu Jun 11 2015 14:17:38 GMT+0530 (IST)
Message sentThu Jun 11 2015 14:17:40 GMT+0530 (IST)
Message sentThu Jun 11 2015 14:17:42 GMT+0530 (IST)
Message sentThu Jun 11 2015 14:17:44 GMT+0530 (IST)
Message sentThu Jun 11 2015 14:17:46 GMT+0530 (IST)
Message sentThu Jun 11 2015 14:17:48 GMT+0530 (IST)
Message sentThu Jun 11 2015 14:17:50 GMT+0530 (IST)
Message sentThu Jun 11 2015 14:17:52 GMT+0530 (IST)
Message sentThu Jun 11 2015 14:17:54 GMT+0530 (IST)
Message sentThu Jun 11 2015 14:17:56 GMT+0530 (IST)
Message sentThu Jun 11 2015 14:17:58 GMT+0530 (IST)
Message sentThu Jun 11 2015 14:18:00 GMT+0530 (IST)
Message sentThu Jun 11 2015 14:18:02 GMT+0530 (IST)
Message sentThu Jun 11 2015 14:18:04 GMT+0530 (IST)
Message sentThu Jun 11 2015 14:18:06 GMT+0530 (IST)
Message sentThu Jun 11 2015 14:18:08 GMT+0530 (IST)
Message sentThu Jun 11 2015 14:18:10 GMT+0530 (IST)
Message sentThu Jun 11 2015 14:18:12 GMT+0530 (IST)
Message sentThu Jun 11 2015 14:18:14 GMT+0530 (IST)
Message sentThu Jun 11 2015 14:18:16 GMT+0530 (IST)
Message sentThu Jun 11 2015 14:18:18 GMT+0530 (IST)
Message sentThu Jun 11 2015 14:18:20 GMT+0530 (IST)
Message sentThu Jun 11 2015 14:18:22 GMT+0530 (IST)
Message sentThu Jun 11 2015 14:18:24 GMT+0530 (IST)
Message sentThu Jun 11 2015 14:18:26 GMT+0530 (IST)
Message sentThu Jun 11 2015 14:18:28 GMT+0530 (IST)
Message sentThu Jun 11 2015 14:18:30 GMT+0530 (IST)
Message sentThu Jun 11 2015 14:18:32 GMT+0530 (IST)
Message sentThu Jun 11 2015 14:18:34 GMT+0530 (IST)
Message sentThu Jun 11 2015 14:18:36 GMT+0530 (IST)
Message sentThu Jun 11 2015 14:18:38 GMT+0530 (IST)
Message sentThu Jun 11 2015 14:18:40 GMT+0530 (IST)
Message sentThu Jun 11 2015 14:18:42 GMT+0530 (IST)
Message sentThu Jun 11 2015 14:18:44 GMT+0530 (IST)
Message sentThu Jun 11 2015 14:18:46 GMT+0530 (IST)
Message sentThu Jun 11 2015 14:18:48 GMT+0530 (IST)
Message sentThu Jun 11 2015 14:18:50 GMT+0530 (IST)
Message sentThu Jun 11 2015 14:18:52 GMT+0530 (IST)
Message sentThu Jun 11 2015 14:18:54 GMT+0530 (IST)
Message sentThu Jun 11 2015 14:18:56 GMT+0530 (IST)
Message sentThu Jun 11 2015 14:18:58 GMT+0530 (IST)
Message sentThu Jun 11 2015 14:19:00 GMT+0530 (IST)
Message sentThu Jun 11 2015 14:19:02 GMT+0530 (IST)
Message sentThu Jun 11 2015 14:19:04 GMT+0530 (IST)
Message sentThu Jun 11 2015 14:19:06 GMT+0530 (IST)
Message sentThu Jun 11 2015 14:19:08 GMT+0530 (IST)
Message sentThu Jun 11 2015 14:19:10 GMT+0530 (IST)
Message sentThu Jun 11 2015 14:19:12 GMT+0530 (IST)
Message sentThu Jun 11 2015 14:19:14 GMT+0530 (IST)
Message sentThu Jun 11 2015 14:19:16 GMT+0530 (IST)
Message sentThu Jun 11 2015 14:19:18 GMT+0530 (IST)
Message sentThu Jun 11 2015 14:19:20 GMT+0530 (IST)
Message sentThu Jun 11 2015 14:19:22 GMT+0530 (IST)
Message sentThu Jun 11 2015 14:19:24 GMT+0530 (IST)
Message sentThu Jun 11 2015 14:19:26 GMT+0530 (IST)
Message sentThu Jun 11 2015 14:19:28 GMT+0530 (IST)
Message sentThu Jun 11 2015 14:19:30 GMT+0530 (IST)
Message sentThu Jun 11 2015 14:19:32 GMT+0530 (IST)
Message sentThu Jun 11 2015 14:19:34 GMT+0530 (IST)
Message sentThu Jun 11 2015 14:19:36 GMT+0530 (IST)
Message sentThu Jun 11 2015 14:19:38 GMT+0530 (IST)
Message sentThu Jun 11 2015 14:19:40 GMT+0530 (IST)
Message sentThu Jun 11 2015 14:19:42 GMT+0530 (IST)
Message sentThu Jun 11 2015 14:19:44 GMT+0530 (IST)
Message sentThu Jun 11 2015 14:19:46 GMT+0530 (IST)
Message sentThu Jun 11 2015 14:19:48 GMT+0530 (IST)
Message sentThu Jun 11 2015 14:19:50 GMT+0530 (IST)
Message sentThu Jun 11 2015 14:19:52 GMT+0530 (IST)
Message sentThu Jun 11 2015 14:19:54 GMT+0530 (IST)
Message sentThu Jun 11 2015 14:19:56 GMT+0530 (IST)
Message sentThu Jun 11 2015 14:19:58 GMT+0530 (IST)
Message sentThu Jun 11 2015 14:20:00 GMT+0530 (IST)
Message sentThu Jun 11 2015 14:20:02 GMT+0530 (IST)
Message sentThu Jun 11 2015 14:20:04 GMT+0530 (IST)
Message sentThu Jun 11 2015 14:20:06 GMT+0530 (IST)
Message sentThu Jun 11 2015 14:20:08 GMT+0530 (IST)
Message sentThu Jun 11 2015 14:20:10 GMT+0530 (IST)
Message sentThu Jun 11 2015 14:20:12 GMT+0530 (IST)
Message sentThu Jun 11 2015 14:20:14 GMT+0530 (IST)
Message sentThu Jun 11 2015 14:20:16 GMT+0530 (IST)
Message sentThu Jun 11 2015 14:20:18 GMT+0530 (IST)
Message sentThu Jun 11 2015 14:20:20 GMT+0530 (IST)
Message sentThu Jun 11 2015 14:20:22 GMT+0530 (IST)
Message sentThu Jun 11 2015 14:20:24 GMT+0530 (IST)
Message sentThu Jun 11 2015 14:20:26 GMT+0530 (IST)
Message sentThu Jun 11 2015 14:20:28 GMT+0530 (IST)
Message sentThu Jun 11 2015 14:20:30 GMT+0530 (IST)
Message sentThu Jun 11 2015 14:20:32 GMT+0530 (IST)
Message sentThu Jun 11 2015 14:20:34 GMT+0530 (IST)
Message sentThu Jun 11 2015 14:20:36 GMT+0530 (IST)
Message sentThu Jun 11 2015 14:20:38 GMT+0530 (IST)
Message sentThu Jun 11 2015 14:20:40 GMT+0530 (IST)
Message sentThu Jun 11 2015 14:20:42 GMT+0530 (IST)
Message sentThu Jun 11 2015 14:20:44 GMT+0530 (IST)
Message sentThu Jun 11 2015 14:20:46 GMT+0530 (IST)
Message sentThu Jun 11 2015 14:20:48 GMT+0530 (IST)
Message sentThu Jun 11 2015 14:20:50 GMT+0530 (IST)
Message sentThu Jun 11 2015 14:20:52 GMT+0530 (IST)
Message sentThu Jun 11 2015 14:20:54 GMT+0530 (IST)
Message sentThu Jun 11 2015 14:20:56 GMT+0530 (IST)
Message sentThu Jun 11 2015 14:20:58 GMT+0530 (IST)
Message sentThu Jun 11 2015 14:21:00 GMT+0530 (IST)
Message sentThu Jun 11 2015 14:21:02 GMT+0530 (IST)
Message sentThu Jun 11 2015 14:21:04 GMT+0530 (IST)
Message sentThu Jun 11 2015 14:21:06 GMT+0530 (IST)
Message sentThu Jun 11 2015 14:21:08 GMT+0530 (IST)
Message sentThu Jun 11 2015 14:21:10 GMT+0530 (IST)
Message sentThu Jun 11 2015 14:21:12 GMT+0530 (IST)
Message sentThu Jun 11 2015 14:21:14 GMT+0530 (IST)
Message sentThu Jun 11 2015 14:21:16 GMT+0530 (IST)
Message sentThu Jun 11 2015 14:21:18 GMT+0530 (IST)
Message sentThu Jun 11 2015 14:21:20 GMT+0530 (IST)
Message sentThu Jun 11 2015 14:21:22 GMT+0530 (IST)
Message sentThu Jun 11 2015 14:21:24 GMT+0530 (IST)
Message sentThu Jun 11 2015 14:21:26 GMT+0530 (IST)
Message sentThu Jun 11 2015 14:21:28 GMT+0530 (IST)
Message sentThu Jun 11 2015 14:21:30 GMT+0530 (IST)
Message sentThu Jun 11 2015 14:21:32 GMT+0530 (IST)
Message sentThu Jun 11 2015 14:21:34 GMT+0530 (IST)
Message sentThu Jun 11 2015 14:21:36 GMT+0530 (IST)
Message sentThu Jun 11 2015 14:21:38 GMT+0530 (IST)
Message sentThu Jun 11 2015 14:21:40 GMT+0530 (IST)
Message sentThu Jun 11 2015 14:21:42 GMT+0530 (IST)
Message sentThu Jun 11 2015 14:21:44 GMT+0530 (IST)
Message sentThu Jun 11 2015 14:21:46 GMT+0530 (IST)
Message sentThu Jun 11 2015 14:21:48 GMT+0530 (IST)
Message sentThu Jun 11 2015 14:21:50 GMT+0530 (IST)
Message sentThu Jun 11 2015 14:21:52 GMT+0530 (IST)
Message sentThu Jun 11 2015 14:21:54 GMT+0530 (IST)
Message sentThu Jun 11 2015 14:21:56 GMT+0530 (IST)
Message sentThu Jun 11 2015 14:21:58 GMT+0530 (IST)
Message sentThu Jun 11 2015 14:22:00 GMT+0530 (IST)
Message sentThu Jun 11 2015 14:22:02 GMT+0530 (IST)
Message sentThu Jun 11 2015 14:22:04 GMT+0530 (IST)
Message sentThu Jun 11 2015 14:22:06 GMT+0530 (IST)
Message sentThu Jun 11 2015 14:22:08 GMT+0530 (IST)
Message sentThu Jun 11 2015 14:22:10 GMT+0530 (IST)
Message sentThu Jun 11 2015 14:22:12 GMT+0530 (IST)
Message sentThu Jun 11 2015 14:22:14 GMT+0530 (IST)
Message sentThu Jun 11 2015 14:22:16 GMT+0530 (IST)
Message sentThu Jun 11 2015 14:22:18 GMT+0530 (IST)
Message sentThu Jun 11 2015 14:22:20 GMT+0530 (IST)
Message sentThu Jun 11 2015 14:22:22 GMT+0530 (IST)
Message sentThu Jun 11 2015 14:22:24 GMT+0530 (IST)
Message sentThu Jun 11 2015 14:22:26 GMT+0530 (IST)
Message sentThu Jun 11 2015 14:22:28 GMT+0530 (IST)
Message sentThu Jun 11 2015 14:22:30 GMT+0530 (IST)
Message sentThu Jun 11 2015 14:22:32 GMT+0530 (IST)
Message sentThu Jun 11 2015 14:22:34 GMT+0530 (IST)
Message sentThu Jun 11 2015 14:22:36 GMT+0530 (IST)
Message sentThu Jun 11 2015 14:22:38 GMT+0530 (IST)
Message sentThu Jun 11 2015 14:22:40 GMT+0530 (IST)
Message sentThu Jun 11 2015 14:22:42 GMT+0530 (IST)
Message sentThu Jun 11 2015 14:22:44 GMT+0530 (IST)
Message sentThu Jun 11 2015 14:22:46 GMT+0530 (IST)
Message sentThu Jun 11 2015 14:22:48 GMT+0530 (IST)
Message sentThu Jun 11 2015 14:22:50 GMT+0530 (IST)
Message sentThu Jun 11 2015 14:22:52 GMT+0530 (IST)
Message sentThu Jun 11 2015 14:22:54 GMT+0530 (IST)
Message sentThu Jun 11 2015 14:22:56 GMT+0530 (IST)
Message sentThu Jun 11 2015 14:22:58 GMT+0530 (IST)
Message sentThu Jun 11 2015 14:23:00 GMT+0530 (IST)
Message sentThu Jun 11 2015 14:23:02 GMT+0530 (IST)
Message sentThu Jun 11 2015 14:23:04 GMT+0530 (IST)
Message sentThu Jun 11 2015 14:23:06 GMT+0530 (IST)
Message sentThu Jun 11 2015 14:23:08 GMT+0530 (IST)
Message sentThu Jun 11 2015 14:23:10 GMT+0530 (IST)
Message sentThu Jun 11 2015 14:23:12 GMT+0530 (IST)
Message sentThu Jun 11 2015 14:23:14 GMT+0530 (IST)
Message sentThu Jun 11 2015 14:23:16 GMT+0530 (IST)
Message sentThu Jun 11 2015 14:23:18 GMT+0530 (IST)
Message sentThu Jun 11 2015 14:23:20 GMT+0530 (IST)
Message sentThu Jun 11 2015 14:23:22 GMT+0530 (IST)
Message sentThu Jun 11 2015 14:23:24 GMT+0530 (IST)
Message sentThu Jun 11 2015 14:23:26 GMT+0530 (IST)
Message sentThu Jun 11 2015 14:23:28 GMT+0530 (IST)
Message sentThu Jun 11 2015 14:23:30 GMT+0530 (IST)
Message sentThu Jun 11 2015 14:23:32 GMT+0530 (IST)
Message sentThu Jun 11 2015 14:23:34 GMT+0530 (IST)
Message sentThu Jun 11 2015 14:23:36 GMT+0530 (IST)
Message sentThu Jun 11 2015 14:23:38 GMT+0530 (IST)
Message sentThu Jun 11 2015 14:23:40 GMT+0530 (IST)
Message sentThu Jun 11 2015 14:23:42 GMT+0530 (IST)
Message sentThu Jun 11 2015 14:23:44 GMT+0530 (IST)
Message sentThu Jun 11 2015 14:23:46 GMT+0530 (IST)
Message sentThu Jun 11 2015 14:23:48 GMT+0530 (IST)
Message sentThu Jun 11 2015 14:23:50 GMT+0530 (IST)
Message sentThu Jun 11 2015 14:23:52 GMT+0530 (IST)
Message sentThu Jun 11 2015 14:23:54 GMT+0530 (IST)
Message sentThu Jun 11 2015 14:23:56 GMT+0530 (IST)
Message sentThu Jun 11 2015 14:23:58 GMT+0530 (IST)
Message sentThu Jun 11 2015 14:24:00 GMT+0530 (IST)
Message sentThu Jun 11 2015 14:24:02 GMT+0530 (IST)
Message sentThu Jun 11 2015 14:24:04 GMT+0530 (IST)
Message sentThu Jun 11 2015 14:24:06 GMT+0530 (IST)
Message sentThu Jun 11 2015 14:24:08 GMT+0530 (IST)
Message sentThu Jun 11 2015 14:24:10 GMT+0530 (IST)
Message sentThu Jun 11 2015 14:24:12 GMT+0530 (IST)
Message sentThu Jun 11 2015 14:24:14 GMT+0530 (IST)
Message sentThu Jun 11 2015 14:24:16 GMT+0530 (IST)
Message sentThu Jun 11 2015 14:24:18 GMT+0530 (IST)
Message sentThu Jun 11 2015 14:24:20 GMT+0530 (IST)
Message sentThu Jun 11 2015 14:24:22 GMT+0530 (IST)
Message sentThu Jun 11 2015 14:24:24 GMT+0530 (IST)
Message sentThu Jun 11 2015 14:24:26 GMT+0530 (IST)
Message sentThu Jun 11 2015 14:24:28 GMT+0530 (IST)
Message sentThu Jun 11 2015 14:24:30 GMT+0530 (IST)
Message sentThu Jun 11 2015 14:24:32 GMT+0530 (IST)
Message sentThu Jun 11 2015 14:24:34 GMT+0530 (IST)
Message sentThu Jun 11 2015 14:24:36 GMT+0530 (IST)
Message sentThu Jun 11 2015 14:24:38 GMT+0530 (IST)
Message sentThu Jun 11 2015 14:24:40 GMT+0530 (IST)
Message sentThu Jun 11 2015 14:24:42 GMT+0530 (IST)
Message sentThu Jun 11 2015 14:24:44 GMT+0530 (IST)
Message sentThu Jun 11 2015 14:24:46 GMT+0530 (IST)
Message sentThu Jun 11 2015 14:24:48 GMT+0530 (IST)
Message sentThu Jun 11 2015 14:24:50 GMT+0530 (IST)
Message sentThu Jun 11 2015 14:24:52 GMT+0530 (IST)
Message sentThu Jun 11 2015 14:24:54 GMT+0530 (IST)
Message sentThu Jun 11 2015 14:24:56 GMT+0530 (IST)
Message sentThu Jun 11 2015 14:24:58 GMT+0530 (IST)
Message sentThu Jun 11 2015 14:25:00 GMT+0530 (IST)
Message sentThu Jun 11 2015 14:25:02 GMT+0530 (IST)
Message sentThu Jun 11 2015 14:25:04 GMT+0530 (IST)
Message sentThu Jun 11 2015 14:25:06 GMT+0530 (IST)
Message sentThu Jun 11 2015 14:25:08 GMT+0530 (IST)
Message sentThu Jun 11 2015 14:25:10 GMT+0530 (IST)
Message sentThu Jun 11 2015 14:25:12 GMT+0530 (IST)
Message sentThu Jun 11 2015 14:25:14 GMT+0530 (IST)
Message sentThu Jun 11 2015 14:25:16 GMT+0530 (IST)
Message sentThu Jun 11 2015 14:25:18 GMT+0530 (IST)
Message sentThu Jun 11 2015 14:25:20 GMT+0530 (IST)
Message sentThu Jun 11 2015 14:25:22 GMT+0530 (IST)
Message sentThu Jun 11 2015 14:25:24 GMT+0530 (IST)
Message sentThu Jun 11 2015 14:25:26 GMT+0530 (IST)
Message sentThu Jun 11 2015 14:25:28 GMT+0530 (IST)
Message sentThu Jun 11 2015 14:25:30 GMT+0530 (IST)
Message sentThu Jun 11 2015 14:25:32 GMT+0530 (IST)
Message sentThu Jun 11 2015 14:25:34 GMT+0530 (IST)
Message sentThu Jun 11 2015 14:25:36 GMT+0530 (IST)
Message sentThu Jun 11 2015 14:25:38 GMT+0530 (IST)
Message sentThu Jun 11 2015 14:25:40 GMT+0530 (IST)
Message sentThu Jun 11 2015 14:25:42 GMT+0530 (IST)
Message sentThu Jun 11 2015 14:25:44 GMT+0530 (IST)
Message sentThu Jun 11 2015 14:25:46 GMT+0530 (IST)
Message sentThu Jun 11 2015 14:25:48 GMT+0530 (IST)
Message sentThu Jun 11 2015 14:25:50 GMT+0530 (IST)
Message sentThu Jun 11 2015 14:25:53 GMT+0530 (IST)
Message sentThu Jun 11 2015 14:25:55 GMT+0530 (IST)
Message sentThu Jun 11 2015 14:25:57 GMT+0530 (IST)
Message sentThu Jun 11 2015 14:25:59 GMT+0530 (IST)
Message sentThu Jun 11 2015 14:26:01 GMT+0530 (IST)
Message sentThu Jun 11 2015 14:26:03 GMT+0530 (IST)
Message sentThu Jun 11 2015 14:26:05 GMT+0530 (IST)
Message sentThu Jun 11 2015 14:26:07 GMT+0530 (IST)
Message sentThu Jun 11 2015 14:26:09 GMT+0530 (IST)
Message sentThu Jun 11 2015 14:26:11 GMT+0530 (IST)
Message sentThu Jun 11 2015 14:26:13 GMT+0530 (IST)
Message sentThu Jun 11 2015 14:26:15 GMT+0530 (IST)
Message sentThu Jun 11 2015 14:26:17 GMT+0530 (IST)
Message sentThu Jun 11 2015 14:26:19 GMT+0530 (IST)
Message sentThu Jun 11 2015 14:26:21 GMT+0530 (IST)
Message sentThu Jun 11 2015 14:26:23 GMT+0530 (IST)
Message sentThu Jun 11 2015 14:26:25 GMT+0530 (IST)
Message sentThu Jun 11 2015 14:26:27 GMT+0530 (IST)
Message sentThu Jun 11 2015 14:26:29 GMT+0530 (IST)
Message sentThu Jun 11 2015 14:26:31 GMT+0530 (IST)
Message sentThu Jun 11 2015 14:26:33 GMT+0530 (IST)
Message sentThu Jun 11 2015 14:26:35 GMT+0530 (IST)
Message sentThu Jun 11 2015 14:26:37 GMT+0530 (IST)
Message sentThu Jun 11 2015 14:26:39 GMT+0530 (IST)
Message sentThu Jun 11 2015 14:26:41 GMT+0530 (IST)
Message sentThu Jun 11 2015 14:26:43 GMT+0530 (IST)
Message sentThu Jun 11 2015 14:26:45 GMT+0530 (IST)
Message sentThu Jun 11 2015 14:26:47 GMT+0530 (IST)
Message sentThu Jun 11 2015 14:26:49 GMT+0530 (IST)
Message sentThu Jun 11 2015 14:26:51 GMT+0530 (IST)
Message sentThu Jun 11 2015 14:26:53 GMT+0530 (IST)
Message sentThu Jun 11 2015 14:26:55 GMT+0530 (IST)
Message sentThu Jun 11 2015 14:26:57 GMT+0530 (IST)
Message sentThu Jun 11 2015 14:26:59 GMT+0530 (IST)
Message sentThu Jun 11 2015 14:27:01 GMT+0530 (IST)
Message sentThu Jun 11 2015 14:27:03 GMT+0530 (IST)
Message sentThu Jun 11 2015 14:27:05 GMT+0530 (IST)
Message sentThu Jun 11 2015 14:27:07 GMT+0530 (IST)
Message sentThu Jun 11 2015 14:27:09 GMT+0530 (IST)
Message sentThu Jun 11 2015 14:27:11 GMT+0530 (IST)
Message sentThu Jun 11 2015 14:27:13 GMT+0530 (IST)
Message sentThu Jun 11 2015 14:27:15 GMT+0530 (IST)
Message sentThu Jun 11 2015 14:27:17 GMT+0530 (IST)
Message sentThu Jun 11 2015 14:27:19 GMT+0530 (IST)
Message sentThu Jun 11 2015 14:27:21 GMT+0530 (IST)
Message sentThu Jun 11 2015 14:27:23 GMT+0530 (IST)
Message sentThu Jun 11 2015 14:27:25 GMT+0530 (IST)
Message sentThu Jun 11 2015 14:27:27 GMT+0530 (IST)
Message sentThu Jun 11 2015 14:27:29 GMT+0530 (IST)
Message sentThu Jun 11 2015 14:27:31 GMT+0530 (IST)
Message sentThu Jun 11 2015 14:27:33 GMT+0530 (IST)
Message sentThu Jun 11 2015 14:27:35 GMT+0530 (IST)
Message sentThu Jun 11 2015 14:27:37 GMT+0530 (IST)
Message sentThu Jun 11 2015 14:27:39 GMT+0530 (IST)
Message sentThu Jun 11 2015 14:27:41 GMT+0530 (IST)
Message sentThu Jun 11 2015 14:27:43 GMT+0530 (IST)
Message sentThu Jun 11 2015 14:27:45 GMT+0530 (IST)
Message sentThu Jun 11 2015 14:27:47 GMT+0530 (IST)
Message sentThu Jun 11 2015 14:27:49 GMT+0530 (IST)
Message sentThu Jun 11 2015 14:27:51 GMT+0530 (IST)
Message sentThu Jun 11 2015 14:27:53 GMT+0530 (IST)
Message sentThu Jun 11 2015 14:27:55 GMT+0530 (IST)
Message sentThu Jun 11 2015 14:27:57 GMT+0530 (IST)
Message sentThu Jun 11 2015 14:27:59 GMT+0530 (IST)
Message sentThu Jun 11 2015 14:28:01 GMT+0530 (IST)
Message sentThu Jun 11 2015 14:28:03 GMT+0530 (IST)
Message sentThu Jun 11 2015 14:28:05 GMT+0530 (IST)
Message sentThu Jun 11 2015 14:28:07 GMT+0530 (IST)
Message sentThu Jun 11 2015 14:28:09 GMT+0530 (IST)
Message sentThu Jun 11 2015 14:28:11 GMT+0530 (IST)
Message sentThu Jun 11 2015 14:28:13 GMT+0530 (IST)
Message sentThu Jun 11 2015 14:28:15 GMT+0530 (IST)
Message sentThu Jun 11 2015 14:28:17 GMT+0530 (IST)
Message sentThu Jun 11 2015 14:28:19 GMT+0530 (IST)
Message sentThu Jun 11 2015 14:28:21 GMT+0530 (IST)
Message sentThu Jun 11 2015 14:28:23 GMT+0530 (IST)
Message sentThu Jun 11 2015 14:28:25 GMT+0530 (IST)
Message sentThu Jun 11 2015 14:28:27 GMT+0530 (IST)
Message sentThu Jun 11 2015 14:28:29 GMT+0530 (IST)
Message sentThu Jun 11 2015 14:28:31 GMT+0530 (IST)
Message sentThu Jun 11 2015 14:28:33 GMT+0530 (IST)
Message sentThu Jun 11 2015 14:28:35 GMT+0530 (IST)
Message sentThu Jun 11 2015 14:28:37 GMT+0530 (IST)
Message sentThu Jun 11 2015 14:28:39 GMT+0530 (IST)
Message sentThu Jun 11 2015 14:28:41 GMT+0530 (IST)
Message sentThu Jun 11 2015 14:28:43 GMT+0530 (IST)
Message sentThu Jun 11 2015 14:28:45 GMT+0530 (IST)
Message sentThu Jun 11 2015 14:28:47 GMT+0530 (IST)
Message sentThu Jun 11 2015 14:28:49 GMT+0530 (IST)
Message sentThu Jun 11 2015 14:28:51 GMT+0530 (IST)
Message sentThu Jun 11 2015 14:28:53 GMT+0530 (IST)
Message sentThu Jun 11 2015 14:28:55 GMT+0530 (IST)
Message sentThu Jun 11 2015 14:28:57 GMT+0530 (IST)
Message sentThu Jun 11 2015 14:28:59 GMT+0530 (IST)
Message sentThu Jun 11 2015 14:29:01 GMT+0530 (IST)
Message sentThu Jun 11 2015 14:29:03 GMT+0530 (IST)
Message sentThu Jun 11 2015 14:29:05 GMT+0530 (IST)
Message sentThu Jun 11 2015 14:29:07 GMT+0530 (IST)
Message sentThu Jun 11 2015 14:29:09 GMT+0530 (IST)
Message sentThu Jun 11 2015 14:29:11 GMT+0530 (IST)
Message sentThu Jun 11 2015 14:29:13 GMT+0530 (IST)
Message sentThu Jun 11 2015 14:29:15 GMT+0530 (IST)
Message sentThu Jun 11 2015 14:29:17 GMT+0530 (IST)
Message sentThu Jun 11 2015 14:29:19 GMT+0530 (IST)
Message sentThu Jun 11 2015 14:29:21 GMT+0530 (IST)
Message sentThu Jun 11 2015 14:29:23 GMT+0530 (IST)
Message sentThu Jun 11 2015 14:29:25 GMT+0530 (IST)
Message sentThu Jun 11 2015 14:29:27 GMT+0530 (IST)
Message sentThu Jun 11 2015 14:29:29 GMT+0530 (IST)
Message sentThu Jun 11 2015 14:29:31 GMT+0530 (IST)
Message sentThu Jun 11 2015 14:29:33 GMT+0530 (IST)
Message sentThu Jun 11 2015 14:29:35 GMT+0530 (IST)
Message sentThu Jun 11 2015 14:29:37 GMT+0530 (IST)
Message sentThu Jun 11 2015 14:29:39 GMT+0530 (IST)
Message sentThu Jun 11 2015 14:29:41 GMT+0530 (IST)
Message sentThu Jun 11 2015 14:29:43 GMT+0530 (IST)
Message sentThu Jun 11 2015 14:29:45 GMT+0530 (IST)
Message sentThu Jun 11 2015 14:29:47 GMT+0530 (IST)
Message sentThu Jun 11 2015 14:29:49 GMT+0530 (IST)
Message sentThu Jun 11 2015 14:29:51 GMT+0530 (IST)
Message sentThu Jun 11 2015 14:29:53 GMT+0530 (IST)
Message sentThu Jun 11 2015 14:29:55 GMT+0530 (IST)
Message sentThu Jun 11 2015 14:29:57 GMT+0530 (IST)
Message sentThu Jun 11 2015 14:29:59 GMT+0530 (IST)
Message sentThu Jun 11 2015 14:30:01 GMT+0530 (IST)
Message sentThu Jun 11 2015 14:30:03 GMT+0530 (IST)
Message sentThu Jun 11 2015 14:30:05 GMT+0530 (IST)
Message sentThu Jun 11 2015 14:30:07 GMT+0530 (IST)
Message sentThu Jun 11 2015 14:30:09 GMT+0530 (IST)
Message sentThu Jun 11 2015 14:30:11 GMT+0530 (IST)
Message sentThu Jun 11 2015 14:30:13 GMT+0530 (IST)
Message sentThu Jun 11 2015 14:30:15 GMT+0530 (IST)
Message sentThu Jun 11 2015 14:30:17 GMT+0530 (IST)
Message sentThu Jun 11 2015 14:30:19 GMT+0530 (IST)
Message sentThu Jun 11 2015 14:30:21 GMT+0530 (IST)
Message sentThu Jun 11 2015 14:30:23 GMT+0530 (IST)
Message sentThu Jun 11 2015 14:30:25 GMT+0530 (IST)
Message sentThu Jun 11 2015 14:30:27 GMT+0530 (IST)
Message sentThu Jun 11 2015 14:30:29 GMT+0530 (IST)
Message sentThu Jun 11 2015 14:30:31 GMT+0530 (IST)
Message sentThu Jun 11 2015 14:30:33 GMT+0530 (IST)
Message sentThu Jun 11 2015 14:30:35 GMT+0530 (IST)
Message sentThu Jun 11 2015 14:30:37 GMT+0530 (IST)
Message sentThu Jun 11 2015 14:30:39 GMT+0530 (IST)
Message sentThu Jun 11 2015 14:30:41 GMT+0530 (IST)
Message sentThu Jun 11 2015 14:30:43 GMT+0530 (IST)
Message sentThu Jun 11 2015 14:30:45 GMT+0530 (IST)
Message sentThu Jun 11 2015 14:30:47 GMT+0530 (IST)
Message sentThu Jun 11 2015 14:30:49 GMT+0530 (IST)
Message sentThu Jun 11 2015 14:30:51 GMT+0530 (IST)
Message sentThu Jun 11 2015 14:30:53 GMT+0530 (IST)
Message sentThu Jun 11 2015 14:30:55 GMT+0530 (IST)
Message sentThu Jun 11 2015 14:30:57 GMT+0530 (IST)
Message sentThu Jun 11 2015 14:30:59 GMT+0530 (IST)
Message sentThu Jun 11 2015 14:31:01 GMT+0530 (IST)
Message sentThu Jun 11 2015 14:31:03 GMT+0530 (IST)
Message sentThu Jun 11 2015 14:31:05 GMT+0530 (IST)
Message sentThu Jun 11 2015 14:31:07 GMT+0530 (IST)
Message sentThu Jun 11 2015 14:31:09 GMT+0530 (IST)
Message sentThu Jun 11 2015 14:31:11 GMT+0530 (IST)
Message sentThu Jun 11 2015 14:31:13 GMT+0530 (IST)
Message sentThu Jun 11 2015 14:31:15 GMT+0530 (IST)
Message sentThu Jun 11 2015 14:31:17 GMT+0530 (IST)
Message sentThu Jun 11 2015 14:31:19 GMT+0530 (IST)
Message sentThu Jun 11 2015 14:31:21 GMT+0530 (IST)
Message sentThu Jun 11 2015 14:31:23 GMT+0530 (IST)
Message sentThu Jun 11 2015 14:31:25 GMT+0530 (IST)
Message sentThu Jun 11 2015 14:31:27 GMT+0530 (IST)
Message sentThu Jun 11 2015 14:31:29 GMT+0530 (IST)
Message sentThu Jun 11 2015 14:31:31 GMT+0530 (IST)
Message sentThu Jun 11 2015 14:31:33 GMT+0530 (IST)
Message sentThu Jun 11 2015 14:31:35 GMT+0530 (IST)
Message sentThu Jun 11 2015 14:31:37 GMT+0530 (IST)
Message sentThu Jun 11 2015 14:31:39 GMT+0530 (IST)
Message sentThu Jun 11 2015 14:31:41 GMT+0530 (IST)
Message sentThu Jun 11 2015 14:31:43 GMT+0530 (IST)
Message sentThu Jun 11 2015 14:31:45 GMT+0530 (IST)
Message sentThu Jun 11 2015 14:31:47 GMT+0530 (IST)
Message sentThu Jun 11 2015 14:31:49 GMT+0530 (IST)
Message sentThu Jun 11 2015 14:31:51 GMT+0530 (IST)
Message sentThu Jun 11 2015 14:31:53 GMT+0530 (IST)
Message sentThu Jun 11 2015 14:31:55 GMT+0530 (IST)
Message sentThu Jun 11 2015 14:31:57 GMT+0530 (IST)
Message sentThu Jun 11 2015 14:31:59 GMT+0530 (IST)
Message sentThu Jun 11 2015 14:32:01 GMT+0530 (IST)
Message sentThu Jun 11 2015 14:32:03 GMT+0530 (IST)
Message sentThu Jun 11 2015 14:32:05 GMT+0530 (IST)
Message sentThu Jun 11 2015 14:32:07 GMT+0530 (IST)
Message sentThu Jun 11 2015 14:32:09 GMT+0530 (IST)
Message sentThu Jun 11 2015 14:32:11 GMT+0530 (IST)
Message sentThu Jun 11 2015 14:32:13 GMT+0530 (IST)
Message sentThu Jun 11 2015 14:32:15 GMT+0530 (IST)
Message sentThu Jun 11 2015 14:32:17 GMT+0530 (IST)
Message sentThu Jun 11 2015 14:32:19 GMT+0530 (IST)
Message sentThu Jun 11 2015 14:32:21 GMT+0530 (IST)
Message sentThu Jun 11 2015 14:32:23 GMT+0530 (IST)
Message sentThu Jun 11 2015 14:32:25 GMT+0530 (IST)
Message sentThu Jun 11 2015 14:32:27 GMT+0530 (IST)
Message sentThu Jun 11 2015 14:32:29 GMT+0530 (IST)
Message sentThu Jun 11 2015 14:32:31 GMT+0530 (IST)
Message sentThu Jun 11 2015 14:32:33 GMT+0530 (IST)
Message sentThu Jun 11 2015 14:32:35 GMT+0530 (IST)
Message sentThu Jun 11 2015 14:32:37 GMT+0530 (IST)
Message sentThu Jun 11 2015 14:32:39 GMT+0530 (IST)
Message sentThu Jun 11 2015 14:32:41 GMT+0530 (IST)
Message sentThu Jun 11 2015 14:32:43 GMT+0530 (IST)
Message sentThu Jun 11 2015 14:32:45 GMT+0530 (IST)
Message sentThu Jun 11 2015 14:32:47 GMT+0530 (IST)
Message sentThu Jun 11 2015 14:32:49 GMT+0530 (IST)
Message sentThu Jun 11 2015 14:32:51 GMT+0530 (IST)
Message sentThu Jun 11 2015 14:32:53 GMT+0530 (IST)
Message sentThu Jun 11 2015 14:32:55 GMT+0530 (IST)
Message sentThu Jun 11 2015 14:32:57 GMT+0530 (IST)
Message sentThu Jun 11 2015 14:32:59 GMT+0530 (IST)
Message sentThu Jun 11 2015 14:33:01 GMT+0530 (IST)
Message sentThu Jun 11 2015 14:33:03 GMT+0530 (IST)
Message sentThu Jun 11 2015 14:33:05 GMT+0530 (IST)
Message sentThu Jun 11 2015 14:33:07 GMT+0530 (IST)
Message sentThu Jun 11 2015 14:33:09 GMT+0530 (IST)
Message sentThu Jun 11 2015 14:33:11 GMT+0530 (IST)
Message sentThu Jun 11 2015 14:33:13 GMT+0530 (IST)
Message sentThu Jun 11 2015 14:33:15 GMT+0530 (IST)
Message sentThu Jun 11 2015 14:33:17 GMT+0530 (IST)
Message sentThu Jun 11 2015 14:33:19 GMT+0530 (IST)
Message sentThu Jun 11 2015 14:33:21 GMT+0530 (IST)
Message sentThu Jun 11 2015 14:33:23 GMT+0530 (IST)
Message sentThu Jun 11 2015 14:33:25 GMT+0530 (IST)
Message sentThu Jun 11 2015 14:33:27 GMT+0530 (IST)
Message sentThu Jun 11 2015 14:33:29 GMT+0530 (IST)
Message sentThu Jun 11 2015 14:33:31 GMT+0530 (IST)
Message sentThu Jun 11 2015 14:33:33 GMT+0530 (IST)
Message sentThu Jun 11 2015 14:33:35 GMT+0530 (IST)
Message sentThu Jun 11 2015 14:33:37 GMT+0530 (IST)
Message sentThu Jun 11 2015 14:33:39 GMT+0530 (IST)
Message sentThu Jun 11 2015 14:33:41 GMT+0530 (IST)
Message sentThu Jun 11 2015 14:33:43 GMT+0530 (IST)
Message sentThu Jun 11 2015 14:33:45 GMT+0530 (IST)
Message sentThu Jun 11 2015 14:33:47 GMT+0530 (IST)
Message sentThu Jun 11 2015 14:33:49 GMT+0530 (IST)
Message sentThu Jun 11 2015 14:33:51 GMT+0530 (IST)
Message sentThu Jun 11 2015 14:33:53 GMT+0530 (IST)
Message sentThu Jun 11 2015 14:33:55 GMT+0530 (IST)
Message sentThu Jun 11 2015 14:33:57 GMT+0530 (IST)
Message sentThu Jun 11 2015 14:33:59 GMT+0530 (IST)
Message sentThu Jun 11 2015 14:34:01 GMT+0530 (IST)
Message sentThu Jun 11 2015 14:34:03 GMT+0530 (IST)
Message sentThu Jun 11 2015 14:34:05 GMT+0530 (IST)
Message sentThu Jun 11 2015 14:34:07 GMT+0530 (IST)
Message sentThu Jun 11 2015 14:34:09 GMT+0530 (IST)
Message sentThu Jun 11 2015 14:34:11 GMT+0530 (IST)
Message sentThu Jun 11 2015 14:34:13 GMT+0530 (IST)
Message sentThu Jun 11 2015 14:34:15 GMT+0530 (IST)
Message sentThu Jun 11 2015 14:34:17 GMT+0530 (IST)
Message sentThu Jun 11 2015 14:34:19 GMT+0530 (IST)
Message sentThu Jun 11 2015 14:34:21 GMT+0530 (IST)
Message sentThu Jun 11 2015 14:34:24 GMT+0530 (IST)
Message sentThu Jun 11 2015 14:34:26 GMT+0530 (IST)
Message sentThu Jun 11 2015 14:34:28 GMT+0530 (IST)
Message sentThu Jun 11 2015 14:34:30 GMT+0530 (IST)
Message sentThu Jun 11 2015 14:34:32 GMT+0530 (IST)
Message sentThu Jun 11 2015 14:34:34 GMT+0530 (IST)
Message sentThu Jun 11 2015 14:34:36 GMT+0530 (IST)
Message sentThu Jun 11 2015 14:34:38 GMT+0530 (IST)
Message sentThu Jun 11 2015 14:34:40 GMT+0530 (IST)
Message sentThu Jun 11 2015 14:34:42 GMT+0530 (IST)
Message sentThu Jun 11 2015 14:34:44 GMT+0530 (IST)
Message sentThu Jun 11 2015 14:34:46 GMT+0530 (IST)
Message sentThu Jun 11 2015 14:34:48 GMT+0530 (IST)
Message sentThu Jun 11 2015 14:34:50 GMT+0530 (IST)
Message sentThu Jun 11 2015 14:34:52 GMT+0530 (IST)
Message sentThu Jun 11 2015 14:34:54 GMT+0530 (IST)
Message sentThu Jun 11 2015 14:34:56 GMT+0530 (IST)
Message sentThu Jun 11 2015 14:34:58 GMT+0530 (IST)
Message sentThu Jun 11 2015 14:35:00 GMT+0530 (IST)
Message sentThu Jun 11 2015 14:35:02 GMT+0530 (IST)
Message sentThu Jun 11 2015 14:35:04 GMT+0530 (IST)
Message sentThu Jun 11 2015 14:35:06 GMT+0530 (IST)
Message sentThu Jun 11 2015 14:35:08 GMT+0530 (IST)
Message sentThu Jun 11 2015 14:35:10 GMT+0530 (IST)
Message sentThu Jun 11 2015 14:35:12 GMT+0530 (IST)
Message sentThu Jun 11 2015 14:35:14 GMT+0530 (IST)
Message sentThu Jun 11 2015 14:35:16 GMT+0530 (IST)
Message sentThu Jun 11 2015 14:35:18 GMT+0530 (IST)
Message sentThu Jun 11 2015 14:35:20 GMT+0530 (IST)
Message sentThu Jun 11 2015 14:35:22 GMT+0530 (IST)
Message sentThu Jun 11 2015 14:35:24 GMT+0530 (IST)
Message sentThu Jun 11 2015 14:35:26 GMT+0530 (IST)
Message sentThu Jun 11 2015 14:35:28 GMT+0530 (IST)
Message sentThu Jun 11 2015 14:35:30 GMT+0530 (IST)
Message sentThu Jun 11 2015 14:35:32 GMT+0530 (IST)
Message sentThu Jun 11 2015 14:35:34 GMT+0530 (IST)
Message sentThu Jun 11 2015 14:35:36 GMT+0530 (IST)
Message sentThu Jun 11 2015 14:35:38 GMT+0530 (IST)
Message sentThu Jun 11 2015 14:35:40 GMT+0530 (IST)
Message sentThu Jun 11 2015 14:35:42 GMT+0530 (IST)
Message sentThu Jun 11 2015 14:35:44 GMT+0530 (IST)
Message sentThu Jun 11 2015 14:35:46 GMT+0530 (IST)
Message sentThu Jun 11 2015 14:35:48 GMT+0530 (IST)
Message sentThu Jun 11 2015 14:35:50 GMT+0530 (IST)
Message sentThu Jun 11 2015 14:35:52 GMT+0530 (IST)
Message sentThu Jun 11 2015 14:35:54 GMT+0530 (IST)
Message sentThu Jun 11 2015 14:35:56 GMT+0530 (IST)
Message sentThu Jun 11 2015 14:35:58 GMT+0530 (IST)
Message sentThu Jun 11 2015 14:36:00 GMT+0530 (IST)
Message sentThu Jun 11 2015 14:36:02 GMT+0530 (IST)
Message sentThu Jun 11 2015 14:36:04 GMT+0530 (IST)
Message sentThu Jun 11 2015 14:36:06 GMT+0530 (IST)
Message sentThu Jun 11 2015 14:36:08 GMT+0530 (IST)
Message sentThu Jun 11 2015 14:36:10 GMT+0530 (IST)
Message sentThu Jun 11 2015 14:36:12 GMT+0530 (IST)
Message sentThu Jun 11 2015 14:36:14 GMT+0530 (IST)
Message sentThu Jun 11 2015 14:36:16 GMT+0530 (IST)
Message sentThu Jun 11 2015 14:36:18 GMT+0530 (IST)
Message sentThu Jun 11 2015 14:36:20 GMT+0530 (IST)
Message sentThu Jun 11 2015 14:36:22 GMT+0530 (IST)
Message sentThu Jun 11 2015 14:36:24 GMT+0530 (IST)
Message sentThu Jun 11 2015 14:36:26 GMT+0530 (IST)
Message sentThu Jun 11 2015 14:36:28 GMT+0530 (IST)
Message sentThu Jun 11 2015 14:36:30 GMT+0530 (IST)
Message sentThu Jun 11 2015 14:36:32 GMT+0530 (IST)
Message sentThu Jun 11 2015 14:36:34 GMT+0530 (IST)
Message sentThu Jun 11 2015 14:36:36 GMT+0530 (IST)
Message sentThu Jun 11 2015 14:36:38 GMT+0530 (IST)
Message sentThu Jun 11 2015 14:36:40 GMT+0530 (IST)
Message sentThu Jun 11 2015 14:36:42 GMT+0530 (IST)
Message sentThu Jun 11 2015 14:36:44 GMT+0530 (IST)
Message sentThu Jun 11 2015 14:36:46 GMT+0530 (IST)
Message sentThu Jun 11 2015 14:36:48 GMT+0530 (IST)
Message sentThu Jun 11 2015 14:36:50 GMT+0530 (IST)
Message sentThu Jun 11 2015 14:36:52 GMT+0530 (IST)
Message sentThu Jun 11 2015 14:36:54 GMT+0530 (IST)
Message sentThu Jun 11 2015 14:36:56 GMT+0530 (IST)
Message sentThu Jun 11 2015 14:36:58 GMT+0530 (IST)
Message sentThu Jun 11 2015 14:37:00 GMT+0530 (IST)
Message sentThu Jun 11 2015 14:37:02 GMT+0530 (IST)
Message sentThu Jun 11 2015 14:37:04 GMT+0530 (IST)
Message sentThu Jun 11 2015 14:37:06 GMT+0530 (IST)
Message sentThu Jun 11 2015 14:37:08 GMT+0530 (IST)
Message sentThu Jun 11 2015 14:37:10 GMT+0530 (IST)
Message sentThu Jun 11 2015 14:37:12 GMT+0530 (IST)
Message sentThu Jun 11 2015 14:37:14 GMT+0530 (IST)
Message sentThu Jun 11 2015 14:37:16 GMT+0530 (IST)
Message sentThu Jun 11 2015 14:37:18 GMT+0530 (IST)
Message sentThu Jun 11 2015 14:37:20 GMT+0530 (IST)
Message sentThu Jun 11 2015 14:37:22 GMT+0530 (IST)
Message sentThu Jun 11 2015 14:37:24 GMT+0530 (IST)
Message sentThu Jun 11 2015 14:37:26 GMT+0530 (IST)
Message sentThu Jun 11 2015 14:37:28 GMT+0530 (IST)
Message sentThu Jun 11 2015 14:37:30 GMT+0530 (IST)
Message sentThu Jun 11 2015 14:37:32 GMT+0530 (IST)
Message sentThu Jun 11 2015 14:37:34 GMT+0530 (IST)
Message sentThu Jun 11 2015 14:37:36 GMT+0530 (IST)
Message sentThu Jun 11 2015 14:37:38 GMT+0530 (IST)
Message sentThu Jun 11 2015 14:37:40 GMT+0530 (IST)
Message sentThu Jun 11 2015 14:37:42 GMT+0530 (IST)
Message sentThu Jun 11 2015 14:37:44 GMT+0530 (IST)
Message sentThu Jun 11 2015 14:37:46 GMT+0530 (IST)
Message sentThu Jun 11 2015 14:37:48 GMT+0530 (IST)
Message sentThu Jun 11 2015 14:37:50 GMT+0530 (IST)
Message sentThu Jun 11 2015 14:37:52 GMT+0530 (IST)
Message sentThu Jun 11 2015 14:37:54 GMT+0530 (IST)
Message sentThu Jun 11 2015 14:37:56 GMT+0530 (IST)
Message sentThu Jun 11 2015 14:37:58 GMT+0530 (IST)
Message sentThu Jun 11 2015 14:38:00 GMT+0530 (IST)
Message sentThu Jun 11 2015 14:38:02 GMT+0530 (IST)
Message sentThu Jun 11 2015 14:38:04 GMT+0530 (IST)
Message sentThu Jun 11 2015 14:38:06 GMT+0530 (IST)
Message sentThu Jun 11 2015 14:38:08 GMT+0530 (IST)
Message sentThu Jun 11 2015 14:38:10 GMT+0530 (IST)
Message sentThu Jun 11 2015 14:38:12 GMT+0530 (IST)
Message sentThu Jun 11 2015 14:38:14 GMT+0530 (IST)
Message sentThu Jun 11 2015 14:38:16 GMT+0530 (IST)
Message sentThu Jun 11 2015 14:38:18 GMT+0530 (IST)
Message sentThu Jun 11 2015 14:38:20 GMT+0530 (IST)
Message sentThu Jun 11 2015 14:38:22 GMT+0530 (IST)
Message sentThu Jun 11 2015 14:38:24 GMT+0530 (IST)
Message sentThu Jun 11 2015 14:38:26 GMT+0530 (IST)
Message sentThu Jun 11 2015 14:38:28 GMT+0530 (IST)
Message sentThu Jun 11 2015 14:38:30 GMT+0530 (IST)
Message sentThu Jun 11 2015 14:38:32 GMT+0530 (IST)
Message sentThu Jun 11 2015 14:38:34 GMT+0530 (IST)
Message sentThu Jun 11 2015 14:38:36 GMT+0530 (IST)
Message sentThu Jun 11 2015 14:38:38 GMT+0530 (IST)
Message sentThu Jun 11 2015 14:38:40 GMT+0530 (IST)
Message sentThu Jun 11 2015 14:38:42 GMT+0530 (IST)
Message sentThu Jun 11 2015 14:38:44 GMT+0530 (IST)
Message sentThu Jun 11 2015 14:38:46 GMT+0530 (IST)
Message sentThu Jun 11 2015 14:38:48 GMT+0530 (IST)
Message sentThu Jun 11 2015 14:38:50 GMT+0530 (IST)
Message sentThu Jun 11 2015 14:38:52 GMT+0530 (IST)
Message sentThu Jun 11 2015 14:38:54 GMT+0530 (IST)
Message sentThu Jun 11 2015 14:38:56 GMT+0530 (IST)
Message sentThu Jun 11 2015 14:38:58 GMT+0530 (IST)
Message sentThu Jun 11 2015 14:39:00 GMT+0530 (IST)
Message sentThu Jun 11 2015 14:39:02 GMT+0530 (IST)
Message sentThu Jun 11 2015 14:39:04 GMT+0530 (IST)
Message sentThu Jun 11 2015 14:39:06 GMT+0530 (IST)
Message sentThu Jun 11 2015 14:39:08 GMT+0530 (IST)
Message sentThu Jun 11 2015 14:39:10 GMT+0530 (IST)
Message sentThu Jun 11 2015 14:39:12 GMT+0530 (IST)
Message sentThu Jun 11 2015 14:39:14 GMT+0530 (IST)
Message sentThu Jun 11 2015 14:39:16 GMT+0530 (IST)
Message sentThu Jun 11 2015 14:39:18 GMT+0530 (IST)
Message sentThu Jun 11 2015 14:39:20 GMT+0530 (IST)
Message sentThu Jun 11 2015 14:39:22 GMT+0530 (IST)
Message sentThu Jun 11 2015 14:39:24 GMT+0530 (IST)
Message sentThu Jun 11 2015 14:39:26 GMT+0530 (IST)
Message sentThu Jun 11 2015 14:39:28 GMT+0530 (IST)
Message sentThu Jun 11 2015 14:39:30 GMT+0530 (IST)
Message sentThu Jun 11 2015 14:39:32 GMT+0530 (IST)
Message sentThu Jun 11 2015 14:39:34 GMT+0530 (IST)
Message sentThu Jun 11 2015 14:39:36 GMT+0530 (IST)
Message sentThu Jun 11 2015 14:39:38 GMT+0530 (IST)
Message sentThu Jun 11 2015 14:39:40 GMT+0530 (IST)
Message sentThu Jun 11 2015 14:39:42 GMT+0530 (IST)
Message sentThu Jun 11 2015 14:39:44 GMT+0530 (IST)
Message sentThu Jun 11 2015 14:39:46 GMT+0530 (IST)
Message sentThu Jun 11 2015 14:39:48 GMT+0530 (IST)
Message sentThu Jun 11 2015 14:39:50 GMT+0530 (IST)
Message sentThu Jun 11 2015 14:39:52 GMT+0530 (IST)
Message sentThu Jun 11 2015 14:39:54 GMT+0530 (IST)
Message sentThu Jun 11 2015 14:39:56 GMT+0530 (IST)
Message sentThu Jun 11 2015 14:39:58 GMT+0530 (IST)
Message sentThu Jun 11 2015 14:40:00 GMT+0530 (IST)
Message sentThu Jun 11 2015 14:40:02 GMT+0530 (IST)
Message sentThu Jun 11 2015 14:40:04 GMT+0530 (IST)
Message sentThu Jun 11 2015 14:40:06 GMT+0530 (IST)
Message sentThu Jun 11 2015 14:40:08 GMT+0530 (IST)
Message sentThu Jun 11 2015 14:40:10 GMT+0530 (IST)
Message sentThu Jun 11 2015 14:40:12 GMT+0530 (IST)
Message sentThu Jun 11 2015 14:40:14 GMT+0530 (IST)
Message sentThu Jun 11 2015 14:40:16 GMT+0530 (IST)
Message sentThu Jun 11 2015 14:40:18 GMT+0530 (IST)
Message sentThu Jun 11 2015 14:40:20 GMT+0530 (IST)
Message sentThu Jun 11 2015 14:40:22 GMT+0530 (IST)
Message sentThu Jun 11 2015 14:40:24 GMT+0530 (IST)
Message sentThu Jun 11 2015 14:40:26 GMT+0530 (IST)
Message sentThu Jun 11 2015 14:40:28 GMT+0530 (IST)
Message sentThu Jun 11 2015 14:40:30 GMT+0530 (IST)
Message sentThu Jun 11 2015 14:40:32 GMT+0530 (IST)
Message sentThu Jun 11 2015 14:40:34 GMT+0530 (IST)
Message sentThu Jun 11 2015 14:40:36 GMT+0530 (IST)
Message sentThu Jun 11 2015 14:40:38 GMT+0530 (IST)
Message sentThu Jun 11 2015 14:40:40 GMT+0530 (IST)
Message sentThu Jun 11 2015 14:40:42 GMT+0530 (IST)
Message sentThu Jun 11 2015 14:40:44 GMT+0530 (IST)
Message sentThu Jun 11 2015 14:40:46 GMT+0530 (IST)
Message sentThu Jun 11 2015 14:40:48 GMT+0530 (IST)
Message sentThu Jun 11 2015 14:40:50 GMT+0530 (IST)
Message sentThu Jun 11 2015 14:40:52 GMT+0530 (IST)
Message sentThu Jun 11 2015 14:40:54 GMT+0530 (IST)
Message sentThu Jun 11 2015 14:40:56 GMT+0530 (IST)
Message sentThu Jun 11 2015 14:40:58 GMT+0530 (IST)
Message sentThu Jun 11 2015 14:41:00 GMT+0530 (IST)
Message sentThu Jun 11 2015 14:41:02 GMT+0530 (IST)
Message sentThu Jun 11 2015 14:41:04 GMT+0530 (IST)
Message sentThu Jun 11 2015 14:41:06 GMT+0530 (IST)
Message sentThu Jun 11 2015 14:41:08 GMT+0530 (IST)
Message sentThu Jun 11 2015 14:41:10 GMT+0530 (IST)
Message sentThu Jun 11 2015 14:41:12 GMT+0530 (IST)
Message sentThu Jun 11 2015 14:41:14 GMT+0530 (IST)
Message sentThu Jun 11 2015 14:41:16 GMT+0530 (IST)
Message sentThu Jun 11 2015 14:41:18 GMT+0530 (IST)
Message sentThu Jun 11 2015 14:41:20 GMT+0530 (IST)
Message sentThu Jun 11 2015 14:41:22 GMT+0530 (IST)
Message sentThu Jun 11 2015 14:41:24 GMT+0530 (IST)
Message sentThu Jun 11 2015 14:41:26 GMT+0530 (IST)
Message sentThu Jun 11 2015 14:41:28 GMT+0530 (IST)
Message sentThu Jun 11 2015 14:41:30 GMT+0530 (IST)
Message sentThu Jun 11 2015 14:41:32 GMT+0530 (IST)
Message sentThu Jun 11 2015 14:41:34 GMT+0530 (IST)
Message sentThu Jun 11 2015 14:41:36 GMT+0530 (IST)
Message sentThu Jun 11 2015 14:41:38 GMT+0530 (IST)
Message sentThu Jun 11 2015 14:41:40 GMT+0530 (IST)
Message sentThu Jun 11 2015 14:41:42 GMT+0530 (IST)
Message sentThu Jun 11 2015 14:41:44 GMT+0530 (IST)
Message sentThu Jun 11 2015 14:41:46 GMT+0530 (IST)
Message sentThu Jun 11 2015 14:41:48 GMT+0530 (IST)
Message sentThu Jun 11 2015 14:41:50 GMT+0530 (IST)
Message sentThu Jun 11 2015 14:41:52 GMT+0530 (IST)
Message sentThu Jun 11 2015 14:41:54 GMT+0530 (IST)
Message sentThu Jun 11 2015 14:41:56 GMT+0530 (IST)
Message sentThu Jun 11 2015 14:41:58 GMT+0530 (IST)
Message sentThu Jun 11 2015 14:42:00 GMT+0530 (IST)
Message sentThu Jun 11 2015 14:42:02 GMT+0530 (IST)
Message sentThu Jun 11 2015 14:42:04 GMT+0530 (IST)
Message sentThu Jun 11 2015 14:42:06 GMT+0530 (IST)
Message sentThu Jun 11 2015 14:42:08 GMT+0530 (IST)
Message sentThu Jun 11 2015 14:42:10 GMT+0530 (IST)
Message sentThu Jun 11 2015 14:42:12 GMT+0530 (IST)
Message sentThu Jun 11 2015 14:42:14 GMT+0530 (IST)
Message sentThu Jun 11 2015 14:42:16 GMT+0530 (IST)
Message sentThu Jun 11 2015 14:42:18 GMT+0530 (IST)
Message sentThu Jun 11 2015 14:42:20 GMT+0530 (IST)
Message sentThu Jun 11 2015 14:42:23 GMT+0530 (IST)
Message sentThu Jun 11 2015 14:42:25 GMT+0530 (IST)
Message sentThu Jun 11 2015 14:42:27 GMT+0530 (IST)
Message sentThu Jun 11 2015 14:42:29 GMT+0530 (IST)
Message sentThu Jun 11 2015 14:42:31 GMT+0530 (IST)
Message sentThu Jun 11 2015 14:42:33 GMT+0530 (IST)
Message sentThu Jun 11 2015 14:42:35 GMT+0530 (IST)
Message sentThu Jun 11 2015 14:42:37 GMT+0530 (IST)
Message sentThu Jun 11 2015 14:42:39 GMT+0530 (IST)
Message sentThu Jun 11 2015 14:42:41 GMT+0530 (IST)
Message sentThu Jun 11 2015 14:42:43 GMT+0530 (IST)
Message sentThu Jun 11 2015 14:42:45 GMT+0530 (IST)
Message sentThu Jun 11 2015 14:42:47 GMT+0530 (IST)
Message sentThu Jun 11 2015 14:42:49 GMT+0530 (IST)
Message sentThu Jun 11 2015 14:42:51 GMT+0530 (IST)
Message sentThu Jun 11 2015 14:42:53 GMT+0530 (IST)
Message sentThu Jun 11 2015 14:42:55 GMT+0530 (IST)
Message sentThu Jun 11 2015 14:42:57 GMT+0530 (IST)
Message sentThu Jun 11 2015 14:42:59 GMT+0530 (IST)
Message sentThu Jun 11 2015 14:43:01 GMT+0530 (IST)
Message sentThu Jun 11 2015 14:43:03 GMT+0530 (IST)
Message sentThu Jun 11 2015 14:43:05 GMT+0530 (IST)
Message sentThu Jun 11 2015 14:43:07 GMT+0530 (IST)
Message sentThu Jun 11 2015 14:43:09 GMT+0530 (IST)
Message sentThu Jun 11 2015 14:43:11 GMT+0530 (IST)
Message sentThu Jun 11 2015 14:43:13 GMT+0530 (IST)
Message sentThu Jun 11 2015 14:43:15 GMT+0530 (IST)
Message sentThu Jun 11 2015 14:43:17 GMT+0530 (IST)
Message sentThu Jun 11 2015 14:43:19 GMT+0530 (IST)
Message sentThu Jun 11 2015 14:43:21 GMT+0530 (IST)
